<?xml version="1.0" encoding="UTF-8"?>
<!-- Generated by org.testng.reporters.JUnitReportReporter -->
<testsuite skipped="0" hostname="Mejin56-PC" name="com.api.qa.test.apiValidationTest" tests="2" failures="0" timestamp="05 Dec 2021 20:29:02 GMT" time="3.889" errors="0">
  <testcase name="validatePostApiResponseCode" time="0.844" classname="com.api.qa.test.apiValidationTest"/>
  <testcase name="validatePostApiResponseCode" time="3.045" classname="com.api.qa.test.apiValidationTest"/>
</testsuite> <!-- com.api.qa.test.apiValidationTest -->
