<?xml version="1.0" encoding="UTF-8"?>
<!-- Generated by org.testng.reporters.JUnitReportReporter -->
<testsuite skipped="0" hostname="Mejin56-PC" name="ObjectRepo.testing" tests="1" failures="0" timestamp="04 Dec 2021 13:01:50 GMT" time="12.604" errors="0">
  <testcase name="f" time="12.604" classname="ObjectRepo.testing"/>
</testsuite> <!-- ObjectRepo.testing -->
